<?xml version="1.0" encoding="UTF-8"?>
<!-- Generated by org.testng.reporters.JUnitReportReporter -->
<testsuite hostname="LPCAIQ0804" failures="0" tests="1" name="Grid.LoginOnLinuxUsingFirefox" time="10.066" errors="0" timestamp="2022-09-26T13:50:07 EET" skipped="0">
  <testcase classname="Grid.LoginOnLinuxUsingFirefox" name="testLogo" time="10.066"/>
  <system-out/>
</testsuite> <!-- Grid.LoginOnLinuxUsingFirefox -->
