<?xml version="1.0" encoding="UTF-8"?>
<!-- Generated by org.testng.reporters.JUnitReportReporter -->
<testsuite hostname="LPCAIQ0804" failures="0" tests="1" name="Grid.LoginOnWindowsUsingChrome" time="5.281" errors="0" timestamp="2022-09-26T10:06:27 EET" skipped="0">
  <testcase classname="Grid.LoginOnWindowsUsingChrome" name="testLogo" time="5.281"/>
  <system-out/>
</testsuite> <!-- Grid.LoginOnWindowsUsingChrome -->
