<?xml version="1.0" encoding="UTF-8"?>
<!-- Generated by org.testng.reporters.JUnitReportReporter -->
<testsuite hostname="LPCAIQ0804" failures="0" tests="1" name="com.OrangeHRM.testcases.ResetPasswordTest" time="4.711" errors="0" timestamp="2022-09-13T15:18:33 EET" skipped="0">
  <testcase classname="com.OrangeHRM.testcases.ResetPasswordTest" name="checkForgotPasswordFunctionality" time="4.711"/>
  <system-out/>
</testsuite> <!-- com.OrangeHRM.testcases.ResetPasswordTest -->
