<?xml version="1.0" encoding="UTF-8"?>
<!-- Generated by org.testng.reporters.JUnitReportReporter -->
<testsuite hostname="LPCAIQ0804" failures="0" tests="8" name="com.OrangeHRM.testcases.LoginPageTest" time="41.346" errors="0" timestamp="2022-09-13T15:18:33 EET" skipped="0">
  <testcase classname="com.OrangeHRM.testcases.LoginPageTest" name="PerformValidLoginTest" time="11.897"/>
  <system-out/>
  <testcase classname="com.OrangeHRM.testcases.LoginPageTest" name="CheckLoginwithInvalidPasswordOrmail" time="4.605"/>
  <system-out/>
  <testcase classname="com.OrangeHRM.testcases.LoginPageTest" name="CheckLoginwithInvalidPasswordOrmail" time="4.614"/>
  <system-out/>
  <testcase classname="com.OrangeHRM.testcases.LoginPageTest" name="CheckLoginwithInvalidPasswordOrmail" time="5.763"/>
  <system-out/>
  <testcase classname="com.OrangeHRM.testcases.LoginPageTest" name="CheckLoginwithInvalidPasswordOrmail" time="4.440"/>
  <system-out/>
  <testcase classname="com.OrangeHRM.testcases.LoginPageTest" name="testLogo" time="3.718"/>
  <system-out/>
  <testcase classname="com.OrangeHRM.testcases.LoginPageTest" name="testURL" time="3.296"/>
  <system-out/>
  <testcase classname="com.OrangeHRM.testcases.LoginPageTest" name="testTitle" time="3.013"/>
  <system-out/>
</testsuite> <!-- com.OrangeHRM.testcases.LoginPageTest -->
